<?xml version="1.0" encoding="UTF-8"?>
<!-- Generated by org.testng.reporters.JUnitReportReporter -->
<testsuite hostname="DESKTOP-01SO12T" failures="0" tests="1" name="test.Test_2o" time="29.814" errors="0" timestamp="2023-09-27T12:46:09 IST" skipped="0">
  <testcase classname="test.Test_2o" name="test1" time="29.814"/>
  <system-out/>
</testsuite> <!-- test.Test_2o -->
