<?xml version="1.0" encoding="UTF-8"?>
<!-- Generated by org.testng.reporters.JUnitReportReporter -->
<testsuite hostname="DESKTOP-01SO12T" failures="0" tests="1" name="test.Test1" time="4.716" errors="0" timestamp="2023-09-19T16:42:36 IST" skipped="0">
  <testcase classname="test.Test1" name="test1" time="4.716"/>
  <system-out/>
</testsuite> <!-- test.Test1 -->
