<?xml version="1.0" encoding="UTF-8"?>
<!-- Generated by org.testng.reporters.JUnitReportReporter -->
<testsuite hostname="DESKTOP-01SO12T" failures="0" tests="1" name="test.AMzonSeach" time="40.225" errors="0" timestamp="2023-09-27T15:44:13 IST" skipped="0">
  <testcase classname="test.AMzonSeach" name="testSearch" time="40.225"/>
  <system-out/>
</testsuite> <!-- test.AMzonSeach -->
