<?xml version="1.0" encoding="UTF-8"?>
<!-- Generated by org.testng.reporters.JUnitReportReporter -->
<testsuite hostname="DESKTOP-01SO12T" failures="0" tests="1" name="test.Test1" time="19.703" errors="0" timestamp="2023-09-27T15:44:13 IST" skipped="0">
  <testcase classname="test.Test1" name="test1" time="19.703"/>
  <system-out/>
</testsuite> <!-- test.Test1 -->
