<?xml version="1.0" encoding="UTF-8"?>
<!-- Generated by org.testng.reporters.JUnitReportReporter -->
<testsuite hostname="DESKTOP-01SO12T" failures="0" tests="4" name="test.Test2" time="52.391" errors="0" timestamp="2023-09-27T15:44:13 IST" skipped="0">
  <testcase classname="test.Test2" name="test2" time="11.704"/>
  <system-out/>
  <testcase classname="test.Test2" name="test2" time="13.444"/>
  <system-out/>
  <testcase classname="test.Test2" name="test2" time="14.354"/>
  <system-out/>
  <testcase classname="test.Test2" name="test2" time="12.889"/>
  <system-out/>
</testsuite> <!-- test.Test2 -->
